[01:42:10] [main/INFO] [com.velocitypowered.proxy.VelocityServer]: Booting up Velocity 3.4.0-SNAPSHOT (git-965db127-b454)...
[01:42:10] [main/INFO] [com.velocitypowered.proxy.VelocityServer]: Loading localizations...
[01:42:10] [main/INFO] [com.velocitypowered.proxy.network.ConnectionManager]: Connections will use epoll channels, libdeflate (Linux x86_64) compression, OpenSSL 3.x.x (Linux x86_64) ciphers
[01:42:11] [main/WARN] [com.velocitypowered.proxy.config.VelocityConfiguration]: The proxy is running in offline mode! This is a security risk and you will NOT receive any support!
[01:42:11] [main/WARN] [com.velocitypowered.proxy.config.VelocityConfiguration]: Player info forwarding is disabled! All players will appear to be connecting from the proxy and will have offline-mode UUIDs.
[01:42:11] [main/INFO] [com.velocitypowered.proxy.VelocityServer]: Loading plugins...
[01:42:11] [main/ERROR] [com.velocitypowered.proxy.console.VelocityConsole]: :>:>:>:>:>:>:>:>:>:>:>:>:>:>:>:>:>:>:>:>:>:>:>
[01:42:11] [main/ERROR] [com.velocitypowered.proxy.console.VelocityConsole]: :>  
[01:42:11] [main/ERROR] [com.velocitypowered.proxy.console.VelocityConsole]: :>      EAGLERCRAFTXVELOCITY WARNING:
[01:42:11] [main/ERROR] [com.velocitypowered.proxy.console.VelocityConsole]: :>  
[01:42:11] [main/ERROR] [com.velocitypowered.proxy.console.VelocityConsole]: :>  This plugin wasn't tested to be 'working'
[01:42:11] [main/ERROR] [com.velocitypowered.proxy.console.VelocityConsole]: :>  with ANY version of Velocity (and forks)
[01:42:11] [main/ERROR] [com.velocitypowered.proxy.console.VelocityConsole]: :>  apart from the versions listed below:
[01:42:11] [main/ERROR] [com.velocitypowered.proxy.console.VelocityConsole]: :>  
[01:42:11] [main/ERROR] [com.velocitypowered.proxy.console.VelocityConsole]: :>  - Velocity: 3.4.0-SNAPSHOT:a33f2d1a:b452
[01:42:11] [main/ERROR] [com.velocitypowered.proxy.console.VelocityConsole]: :>  
[01:42:11] [main/ERROR] [com.velocitypowered.proxy.console.VelocityConsole]: :>  This is not a Bukkit/Spigot plugin!
[01:42:11] [main/ERROR] [com.velocitypowered.proxy.console.VelocityConsole]: :>  
[01:42:11] [main/ERROR] [com.velocitypowered.proxy.console.VelocityConsole]: :>  Use "-Deaglerxvelocity.stfu=true" to hide
[01:42:11] [main/ERROR] [com.velocitypowered.proxy.console.VelocityConsole]: :>  
[01:42:11] [main/ERROR] [com.velocitypowered.proxy.console.VelocityConsole]: :>:>:>:>:>:>:>:>:>:>:>:>:>:>:>:>:>:>:>:>:>:>:>
[01:42:11] [main/INFO] [com.velocitypowered.proxy.plugin.VelocityPluginManager]: Loaded plugin eaglerxvelocity 1.1.5 by lax1dude, ayunami2000
[01:42:11] [main/INFO] [com.velocitypowered.proxy.VelocityServer]: Loaded 2 plugins
[01:42:11] [EaglercraftXVelocity - Task Executor #0/WARN] [eaglerxvelocity]: This plugin is still in development, certain features may not be functional!
[01:42:11] [EaglercraftXVelocity - Task Executor #0/WARN] [eaglerxvelocity]: Not recommended for public servers yet, please check for updates
[01:42:11] [EaglercraftXVelocity - Task Executor #0/INFO] [eaglerxvelocity]: Loading vanilla profile: lax1dude
[01:42:12] [Netty epoll Worker #1/INFO] [eaglerxvelocity]: Loaded vanilla profile: lax1dude
[01:42:12] [EaglercraftXVelocity - Task Executor #0/ERROR] [eaglerxvelocity]: Online mode is set to false! Authentication system has been disabled
[01:42:12] [Netty epoll Boss #0/INFO] [eaglerxvelocity]: Eaglercraft is listening on: /0.0.0.0:8081
[01:42:12] [EaglercraftXVelocity - Task Executor #0/INFO] [eaglerxvelocity]: Connected to database: jdbc:sqlite:eaglercraft_skins_cache.db
[01:42:12] [EaglercraftXVelocity - Task Executor #0/INFO] [eaglerxvelocity]: Voice chat disabled, add "allow_voice: true" to your listeners to enable
[01:42:12] [Netty epoll Boss #1/INFO] [com.velocitypowered.proxy.network.ConnectionManager]: Listening on /[0:0:0:0:0:0:0:0]:25577
[01:42:12] [main/INFO] [com.velocitypowered.proxy.Velocity]: Done (2.64s)!
[01:43:07] [Netty epoll Worker #0/WARN] [eaglerxvelocity]: Server icon is not a file: /workspaces/EaglerServer-1.12/bungee/server-icon.png
[01:43:08] [Netty epoll Worker #1/INFO] [eaglerxvelocity]: [/[0:0:0:0:0:0:0:1]:48454]: Connected via websocket
[01:43:08] [Netty epoll Worker #1/INFO] [eaglerxvelocity]: [/[0:0:0:0:0:0:0:1]:48454]: Origin header is null
[01:43:08] [Netty epoll Worker #1/INFO] [eaglerxvelocity]: [connected player] Hamzah898933_ (/[0:0:0:0:0:0:0:1]:48454) has connected
[01:43:08] [Netty epoll Worker #1/INFO] [com.velocitypowered.proxy.connection.MinecraftConnection]: [server connection] Hamzah898933_ -> lobby has connected
[01:56:03] [Netty epoll Worker #1/INFO] [com.velocitypowered.proxy.connection.client.ConnectedPlayer]: [connected player] Hamzah898933_ (/[0:0:0:0:0:0:0:1]:48454) has disconnected: An internal error occurred in your connection.
[01:56:03] [Netty epoll Worker #1/ERROR] [com.velocitypowered.proxy.connection.MinecraftConnection]: [connected player] Hamzah898933_ (/[0:0:0:0:0:0:0:1]:48454): read timed out
[01:56:03] [Netty epoll Worker #1/INFO] [com.velocitypowered.proxy.connection.MinecraftConnection]: [server connection] Hamzah898933_ -> lobby has disconnected
[01:59:27] [Netty epoll Worker #2/INFO] [eaglerxvelocity]: [/[0:0:0:0:0:0:0:1]:59624]: Connected via websocket
[01:59:27] [Netty epoll Worker #2/INFO] [eaglerxvelocity]: [/[0:0:0:0:0:0:0:1]:59624]: Origin header is null
[01:59:30] [Netty epoll Worker #2/INFO] [eaglerxvelocity]: [connected player] Hamzah898933_ (/[0:0:0:0:0:0:0:1]:59624) has connected
[01:59:30] [Netty epoll Worker #2/INFO] [com.velocitypowered.proxy.connection.MinecraftConnection]: [server connection] Hamzah898933_ -> lobby has connected
[02:05:24] [Netty epoll Worker #2/INFO] [com.velocitypowered.proxy.connection.MinecraftConnection]: [connected player] Hamzah898933_ (/[0:0:0:0:0:0:0:1]:59624) has disconnected
[02:05:24] [Netty epoll Worker #2/INFO] [com.velocitypowered.proxy.connection.MinecraftConnection]: [server connection] Hamzah898933_ -> lobby has disconnected
[02:05:27] [Netty epoll Worker #3/INFO] [eaglerxvelocity]: [/[0:0:0:0:0:0:0:1]:40442]: Connected via websocket
[02:05:27] [Netty epoll Worker #3/INFO] [eaglerxvelocity]: [/[0:0:0:0:0:0:0:1]:40442]: Origin header is null
[02:05:28] [Netty epoll Worker #3/INFO] [eaglerxvelocity]: [connected player] Hamzah898933_ (/[0:0:0:0:0:0:0:1]:40442) has connected
[02:05:28] [Netty epoll Worker #3/INFO] [com.velocitypowered.proxy.connection.MinecraftConnection]: [server connection] Hamzah898933_ -> lobby has connected
[02:14:22] [Netty epoll Worker #3/INFO] [com.velocitypowered.proxy.connection.MinecraftConnection]: [connected player] Hamzah898933_ (/[0:0:0:0:0:0:0:1]:40442) has disconnected
[02:14:22] [Netty epoll Worker #3/INFO] [com.velocitypowered.proxy.connection.MinecraftConnection]: [server connection] Hamzah898933_ -> lobby has disconnected
[02:14:45] [Netty epoll Worker #0/INFO] [eaglerxvelocity]: [/[0:0:0:0:0:0:0:1]:52440]: Connected via websocket
[02:14:45] [Netty epoll Worker #0/INFO] [eaglerxvelocity]: [/[0:0:0:0:0:0:0:1]:52440]: Origin header is null
[02:14:45] [Netty epoll Worker #0/INFO] [eaglerxvelocity]: [connected player] Hamzah898933_ (/[0:0:0:0:0:0:0:1]:52440) has connected
[02:14:45] [Netty epoll Worker #0/INFO] [com.velocitypowered.proxy.connection.MinecraftConnection]: [server connection] Hamzah898933_ -> lobby has connected
[02:17:42] [Netty epoll Worker #0/INFO] [com.velocitypowered.proxy.connection.MinecraftConnection]: [connected player] Hamzah898933_ (/[0:0:0:0:0:0:0:1]:52440) has disconnected
[02:17:42] [Netty epoll Worker #0/INFO] [com.velocitypowered.proxy.connection.MinecraftConnection]: [server connection] Hamzah898933_ -> lobby has disconnected
[03:19:08] [Shutdown thread/INFO] [com.velocitypowered.proxy.VelocityServer]: Shutting down the proxy...
[03:19:08] [Shutdown thread/INFO] [com.velocitypowered.proxy.network.ConnectionManager]: Closing endpoint /0.0.0.0:25577
[03:19:08] [EaglercraftXVelocity - Task Executor #10/INFO] [eaglerxvelocity]: Eaglercraft listener closed: /0.0.0.0:8081
[03:19:08] [EaglercraftXVelocity - Task Executor #10/INFO] [eaglerxvelocity]: Successfully disconnected from database 'jdbc:sqlite:eaglercraft_skins_cache.db'
[03:19:08] [EaglercraftXVelocity - Task Executor #10/INFO] [eaglerxvelocity]: Stopping skin cache HTTP client...
[03:19:08] [main/ERROR] [com.velocitypowered.proxy.console.VelocityConsole]: Exception in thread "main" java.io.IOError: java.io.IOException: Input/output error
[03:19:08] [main/ERROR] [com.velocitypowered.proxy.console.VelocityConsole]: 	at org.jline.keymap.BindingReader.readCharacter(BindingReader.java:170)
[03:19:08] [main/ERROR] [com.velocitypowered.proxy.console.VelocityConsole]: 	at org.jline.keymap.BindingReader.readBinding(BindingReader.java:110)
[03:19:08] [main/ERROR] [com.velocitypowered.proxy.console.VelocityConsole]: 	at org.jline.keymap.BindingReader.readBinding(BindingReader.java:61)
[03:19:08] [main/ERROR] [com.velocitypowered.proxy.console.VelocityConsole]: 	at org.jline.reader.impl.LineReaderImpl.doReadBinding(LineReaderImpl.java:923)
[03:19:08] [main/ERROR] [com.velocitypowered.proxy.console.VelocityConsole]: 	at org.jline.reader.impl.LineReaderImpl.readBinding(LineReaderImpl.java:956)
[03:19:08] [main/ERROR] [com.velocitypowered.proxy.console.VelocityConsole]: 	at org.jline.reader.impl.LineReaderImpl.readLine(LineReaderImpl.java:651)
[03:19:08] [main/ERROR] [com.velocitypowered.proxy.console.VelocityConsole]: 	at org.jline.reader.impl.LineReaderImpl.readLine(LineReaderImpl.java:468)
[03:19:08] [main/ERROR] [com.velocitypowered.proxy.console.VelocityConsole]: 	at net.minecrell.terminalconsole.SimpleTerminalConsole.readCommands(SimpleTerminalConsole.java:158)
[03:19:08] [main/ERROR] [com.velocitypowered.proxy.console.VelocityConsole]: 	at net.minecrell.terminalconsole.SimpleTerminalConsole.start(SimpleTerminalConsole.java:141)
[03:19:08] [main/ERROR] [com.velocitypowered.proxy.console.VelocityConsole]: 	at com.velocitypowered.proxy.Velocity.main(Velocity.java:77)
[03:19:08] [main/ERROR] [com.velocitypowered.proxy.console.VelocityConsole]: Caused by: java.io.IOException: Input/output error
[03:19:08] [main/ERROR] [com.velocitypowered.proxy.console.VelocityConsole]: 	at java.base/java.io.FileInputStream.read0(Native Method)
[03:19:08] [main/ERROR] [com.velocitypowered.proxy.console.VelocityConsole]: 	at java.base/java.io.FileInputStream.read(FileInputStream.java:231)
[03:19:08] [main/ERROR] [com.velocitypowered.proxy.console.VelocityConsole]: 	at java.base/java.io.FilterInputStream.read(FilterInputStream.java:71)
[03:19:08] [main/ERROR] [com.velocitypowered.proxy.console.VelocityConsole]: 	at org.jline.terminal.impl.AbstractPty$1.read(AbstractPty.java:58)
[03:19:08] [main/ERROR] [com.velocitypowered.proxy.console.VelocityConsole]: 	at org.jline.terminal.impl.AbstractPty$PtyInputStream.read(AbstractPty.java:124)
[03:19:08] [main/ERROR] [com.velocitypowered.proxy.console.VelocityConsole]: 	at org.jline.utils.NonBlockingInputStream.read(NonBlockingInputStream.java:62)
[03:19:08] [main/ERROR] [com.velocitypowered.proxy.console.VelocityConsole]: 	at org.jline.utils.NonBlocking$NonBlockingInputStreamReader.read(NonBlocking.java:157)
[03:19:08] [main/ERROR] [com.velocitypowered.proxy.console.VelocityConsole]: 	at org.jline.utils.NonBlockingReader.read(NonBlockingReader.java:56)
[03:19:08] [main/ERROR] [com.velocitypowered.proxy.console.VelocityConsole]: 	at org.jline.keymap.BindingReader.readCharacter(BindingReader.java:160)
[03:19:08] [main/ERROR] [com.velocitypowered.proxy.console.VelocityConsole]: 	... 9 more
